nohup: ignoring input
> Task :compileJava UP-TO-DATE
> Task :processResources NO-SOURCE
> Task :classes UP-TO-DATE

> Task :run

  .   ____          _            __ _ _
 /\\ / ___'_ __ _ _(_)_ __  __ _ \ \ \ \
( ( )\___ | '_ | '_| | '_ \/ _` | \ \ \ \
 \\/  ___)| |_)| | | | | || (_| |  ) ) ) )
  '  |____| .__|_| |_|_| |_\__, | / / / /
 =========|_|==============|___/=/_/_/_/

 :: Spring Boot ::                (v3.4.1)

2025-01-21T15:39:16.057+09:00  INFO 24444 --- [           main] org.example.Main                         : Starting Main using Java 23.0.1 with PID 24444 (C:\Users\DSM\workspace\unboundedID-ldap\build\classes\java\main started by DSM in C:\Users\DSM\workspace\unboundedID-ldap)
2025-01-21T15:39:16.059+09:00  INFO 24444 --- [           main] org.example.Main                         : No active profile set, falling back to 1 default profile: "default"
2025-01-21T15:39:16.740+09:00  INFO 24444 --- [           main] o.s.b.w.embedded.tomcat.TomcatWebServer  : Tomcat initialized with port 3000 (http)
2025-01-21T15:39:16.751+09:00  INFO 24444 --- [           main] o.apache.catalina.core.StandardService   : Starting service [Tomcat]
2025-01-21T15:39:16.752+09:00  INFO 24444 --- [           main] o.apache.catalina.core.StandardEngine    : Starting Servlet engine: [Apache Tomcat/10.1.34]
2025-01-21T15:39:16.789+09:00  INFO 24444 --- [           main] o.a.c.c.C.[Tomcat].[localhost].[/]       : Initializing Spring embedded WebApplicationContext
2025-01-21T15:39:16.790+09:00  INFO 24444 --- [           main] w.s.c.ServletWebServerApplicationContext : Root WebApplicationContext: initialization completed in 677 ms
exist!
2025-01-21T15:39:17.105+09:00  INFO 24444 --- [           main] o.s.b.w.embedded.tomcat.TomcatWebServer  : Tomcat started on port 3000 (http) with context path '/'
2025-01-21T15:39:17.112+09:00  INFO 24444 --- [           main] org.example.Main                         : Started Main in 1.346 seconds (process running for 1.598)
2025-01-21T15:40:43.493+09:00  INFO 24444 --- [nio-3000-exec-1] o.a.c.c.C.[Tomcat].[localhost].[/]       : Initializing Spring DispatcherServlet 'dispatcherServlet'
2025-01-21T15:40:43.493+09:00  INFO 24444 --- [nio-3000-exec-1] o.s.web.servlet.DispatcherServlet        : Initializing Servlet 'dispatcherServlet'
2025-01-21T15:40:43.494+09:00  INFO 24444 --- [nio-3000-exec-1] o.s.web.servlet.DispatcherServlet        : Completed initialization in 0 ms
BindResult(resultCode=0 (success), messageID=1, hasServerSASLCredentials=false)
SearchResult(resultCode=0 (success), messageID=2, entriesReturned=1, referencesReturned=0)
[SearchResultEntry(dn='uid=newuser02,ou=Users,o=dsmcorps', messageID=2, attributes={Attribute(name=objectClass, values={'top', 'dsmObj', 'person'}), Attribute(name=sn, values={'france'}), Attribute(name=cn, values={'cole'}), Attribute(name=uid, values={'newuser02'})}, controls={})]
